<?xml version="1.0" encoding="UTF-8"?>
<testng-results ignored="0" total="1" passed="1" failed="0" skipped="0">
  <reporter-output>
  </reporter-output>
  <suite started-at="2022-06-06T17:47:28 IST" name="Default suite" finished-at="2022-06-06T17:52:04 IST" duration-ms="276678">
    <groups>
    </groups>
    <test started-at="2022-06-06T17:47:28 IST" name="Default test" finished-at="2022-06-06T17:52:04 IST" duration-ms="276678">
      <class name="realtime.Prologin">
        <test-method is-config="true" signature="launchpage()[pri:0, instance:realtime.Prologin@1283bb96]" started-at="2022-06-06T17:47:28 IST" name="launchpage" finished-at="2022-06-06T17:47:35 IST" duration-ms="7294" status="PASS">
          <reporter-output>
          </reporter-output>
        </test-method> <!-- launchpage -->
        <test-method signature="lauchpage()[pri:0, instance:realtime.Prologin@1283bb96]" started-at="2022-06-06T17:47:35 IST" name="lauchpage" finished-at="2022-06-06T17:52:04 IST" duration-ms="269363" status="PASS">
          <reporter-output>
          </reporter-output>
        </test-method> <!-- lauchpage -->
      </class> <!-- realtime.Prologin -->
    </test> <!-- Default test -->
  </suite> <!-- Default suite -->
</testng-results>
